<?xml version="1.0" encoding="UTF-8"?>
<!-- Generated by org.testng.reporters.JUnitXMLReporter -->
<testsuite ignored="0" hostname="KALPESH" failures="0" tests="5" name="Test1" time="178.936" errors="0" timestamp="2026-04-10T23:15:17 IST">
  <testcase classname="smaple.TestClass" name="endToEndTest" time="5.728">
    <skipped/>
  </testcase> <!-- endToEndTest -->
  <testcase classname="smaple.TestClass" name="endToEndTest" time="3.456">
    <skipped/>
  </testcase> <!-- endToEndTest -->
  <testcase classname="smaple.TestClass" name="endToEndTest" time="15.864"/>
  <testcase classname="smaple.TestClass" name="endToEndTest" time="11.36">
    <skipped/>
  </testcase> <!-- endToEndTest -->
  <testcase classname="smaple.TestClass" name="endToEndTest" time="16.079"/>
</testsuite> <!-- Test1 -->
