<?xml version="1.0" encoding="UTF-8"?>
<!-- Generated by org.testng.reporters.JUnitXMLReporter -->
<testsuite ignored="0" hostname="KALPESH" failures="0" tests="5" name="Test2" time="231.642" errors="0" timestamp="2026-04-10T23:16:09 IST">
  <testcase classname="smaple.TestClass" name="endToEndTest" time="4.54">
    <skipped/>
  </testcase> <!-- endToEndTest -->
  <testcase classname="smaple.TestClass" name="endToEndTest" time="15.753"/>
  <testcase classname="smaple.TestClass" name="endToEndTest" time="22.542">
    <skipped/>
  </testcase> <!-- endToEndTest -->
  <testcase classname="smaple.TestClass" name="endToEndTest" time="4.158">
    <skipped/>
  </testcase> <!-- endToEndTest -->
  <testcase classname="smaple.TestClass" name="endToEndTest" time="57.214"/>
</testsuite> <!-- Test2 -->
