<?xml version="1.0" encoding="UTF-8"?>
<testng-results ignored="0" total="2" passed="2" failed="0" skipped="0">
  <reporter-output>
  </reporter-output>
  <suite started-at="2026-04-28T17:27:17 IST" name="Suite" finished-at="2026-04-28T17:27:47 IST" duration-ms="30095">
    <groups>
    </groups>
    <test started-at="2026-04-28T17:27:17 IST" name="ChromeTest" finished-at="2026-04-28T17:27:47 IST" duration-ms="30095">
      <class name="frameworkFromScratch.TC">
        <test-method signature="executeFlow(java.util.HashMap)[pri:0, instance:frameworkFromScratch.TC@478190fc]" started-at="2026-04-28T17:27:17 IST" name="executeFlow" data-provider="getData" finished-at="2026-04-28T17:27:35 IST" duration-ms="17701" status="PASS">
          <params>
            <param index="0">
              <value>
                <![CDATA[{user={name=kalpesh, last=chavhan, code=12345}, products={Sauce Labs Backpack=$29.99, Sauce Labs Bike Light=$9.99}}]]>
              </value>
            </param>
          </params>
          <reporter-output>
          </reporter-output>
        </test-method> <!-- executeFlow -->
        <test-method signature="executeFlow(java.util.HashMap)[pri:0, instance:frameworkFromScratch.TC@478190fc]" started-at="2026-04-28T17:27:17 IST" name="executeFlow" data-provider="getData" finished-at="2026-04-28T17:27:47 IST" duration-ms="29769" status="PASS">
          <params>
            <param index="0">
              <value>
                <![CDATA[{user={name=aaryan, last=khan, code=37493}, products={Sauce Labs Fleece Jacket=$49.99, Sauce Labs Onesie=$7.99}}]]>
              </value>
            </param>
          </params>
          <reporter-output>
          </reporter-output>
        </test-method> <!-- executeFlow -->
      </class> <!-- frameworkFromScratch.TC -->
    </test> <!-- ChromeTest -->
  </suite> <!-- Suite -->
</testng-results>
