<?xml version="1.0" encoding="UTF-8"?>
<testng-results ignored="0" total="1" passed="1" failed="0" skipped="0">
  <reporter-output>
  </reporter-output>
  <suite started-at="2026-05-01T17:47:17 IST" name="Default suite" finished-at="2026-05-01T17:47:17 IST" duration-ms="172">
    <groups>
    </groups>
    <test started-at="2026-05-01T17:47:17 IST" name="Default test" finished-at="2026-05-01T17:47:17 IST" duration-ms="172">
      <class name="jusrTry.MyFirst">
        <test-method signature="jenkinsDemo()[pri:0, instance:jusrTry.MyFirst@305ffe9e]" started-at="2026-05-01T17:47:17 IST" name="jenkinsDemo" finished-at="2026-05-01T17:47:17 IST" duration-ms="40" status="PASS">
          <reporter-output>
          </reporter-output>
        </test-method> <!-- jenkinsDemo -->
      </class> <!-- jusrTry.MyFirst -->
    </test> <!-- Default test -->
  </suite> <!-- Default suite -->
</testng-results>
